[2022-08-22T22:26:13.470] [INFO] default - Pre-Condition: Open homepage
[2022-08-22T22:26:17.275] [INFO] default - Search - Step 01: Enter to Search textbox with empty data.
[2022-08-22T22:26:17.277] [INFO] default - Search - Step 02: Click to 'Search' button.
[2022-08-22T22:26:18.290] [INFO] default - Search - Step 03: Navigate to Home page
[2022-08-22T22:26:19.312] [INFO] default - Search - Step 01: Enter to Search textbox with value is 'aaaaaaaaaaaaaa'
[2022-08-22T22:26:19.313] [INFO] default - Search - Step 02: Click to 'Search' button.
[2022-08-22T22:26:20.327] [INFO] default - Search - Step 03: Verify 'aaaaaaaaaaaaaa' is not displayed.
[2022-08-22T22:26:21.390] [INFO] default - Search - Step 01: Enter to Search textbox with value is 'túi xách'
[2022-08-22T22:26:21.391] [INFO] default - Search - Step 02: Click to 'Search' button.
[2022-08-22T22:26:22.406] [INFO] default - Search - Step 03: Verify result message is displayed.
[2022-08-22T22:26:23.467] [INFO] default - Search - Step 01: Enter to Search textbox with value is 'Túi Xách Targus TBT268AP-72 M Black'
[2022-08-22T22:26:23.468] [INFO] default - Search - Step 02: Click to 'Search' button.
[2022-08-22T22:26:24.483] [INFO] default - Search - Step 03: Verify result message is displayed.
[2022-08-22T22:26:24.508] [INFO] default - Search - Step 04: Verify 1 item is displayed.
[2022-08-22T22:45:58.965] [INFO] default - Pre-Condition: Open homepage
[2022-08-22T22:46:02.777] [INFO] default - Search-01 Search with empty data
[2022-08-22T22:46:02.778] [INFO] default - Search - Step 01: Enter to Search textbox with empty data.
[2022-08-22T22:46:02.782] [INFO] default - Search - Step 02: Click to 'Search' button.
[2022-08-22T22:46:03.795] [INFO] default - Search - Step 03: Navigate to Home page
[2022-08-22T22:46:04.807] [INFO] default - Search-02 Search with data is not existing
[2022-08-22T22:46:04.809] [INFO] default - Search - Step 01: Enter to Search textbox with value is 'aaaaaaaaaaaaaa'
[2022-08-22T22:46:04.811] [INFO] default - Search - Step 02: Click to 'Search' button.
[2022-08-22T22:46:05.815] [INFO] default - Search - Step 03: Verify 'aaaaaaaaaaaaaa' is not displayed.
[2022-08-22T22:46:36.883] [INFO] default - Search-03 Search with ralative data
[2022-08-22T22:46:36.885] [INFO] default - Search - Step 01: Enter to Search textbox with value is 'túi xách'
[2022-08-22T22:46:36.886] [INFO] default - Search - Step 02: Click to 'Search' button.
[2022-08-22T22:46:37.915] [INFO] default - Search - Step 03: Verify result message is displayed.
[2022-08-22T22:46:38.993] [INFO] default - Search-04 Search with absolutely item
[2022-08-22T22:46:38.994] [INFO] default - Search - Step 01: Enter to Search textbox with value is 'Túi Xách Targus TBT268AP-72 M Black'
[2022-08-22T22:46:38.995] [INFO] default - Search - Step 02: Click to 'Search' button.
[2022-08-22T22:46:40.011] [INFO] default - Search - Step 03: Verify result message is displayed.
[2022-08-22T22:46:40.045] [INFO] default - Search - Step 04: Verify 1 item is displayed.
[2022-08-22T22:46:40.081] [INFO] default - Close the browser.
[2022-08-22T23:23:12.850] [INFO] default - Pre-Condition: Open homepage
[2022-08-22T23:23:16.829] [INFO] default - Search-01 Search with empty data
[2022-08-22T23:23:16.831] [INFO] default - Search - Step 01: Enter to Search textbox with empty data.
[2022-08-22T23:23:16.833] [INFO] default - Search - Step 02: Click to 'Search' button.
[2022-08-22T23:23:17.836] [INFO] default - Search - Step 03: Navigate to Home page
[2022-08-22T23:23:18.860] [INFO] default - Search-02 Search with data is not existing
[2022-08-22T23:23:18.861] [INFO] default - Search - Step 01: Enter to Search textbox with value is 'aaaaaaaaaaaaaa'
[2022-08-22T23:23:18.863] [INFO] default - Search - Step 02: Click to 'Search' button.
[2022-08-22T23:23:19.872] [INFO] default - Search - Step 03: Verify 'aaaaaaaaaaaaaa' is not displayed.
[2022-08-22T23:23:50.893] [INFO] default - Search-03 Search with ralative data
[2022-08-22T23:23:50.894] [INFO] default - Search - Step 01: Enter to Search textbox with value is 'túi xách'
[2022-08-22T23:23:50.896] [INFO] default - Search - Step 02: Click to 'Search' button.
[2022-08-22T23:23:51.905] [INFO] default - Search - Step 03: Verify result message is displayed.
[2022-08-22T23:23:52.956] [INFO] default - Search-04 Search with absolutely item
[2022-08-22T23:23:52.958] [INFO] default - Search - Step 01: Enter to Search textbox with value is 'Túi Xách Targus TBT268AP-72 M Black'
[2022-08-22T23:23:52.959] [INFO] default - Search - Step 02: Click to 'Search' button.
[2022-08-22T23:23:53.974] [INFO] default - Search - Step 03: Verify result message is displayed.
[2022-08-22T23:23:54.029] [INFO] default - Search - Step 04: Verify 1 item is displayed.
[2022-08-22T23:23:54.060] [INFO] default - Close the browser.
[2022-08-22T23:54:51.540] [INFO] default - Pre-Condition: Open homepage
[2022-08-22T23:54:55.390] [INFO] default - Search-01 Search with empty data
[2022-08-22T23:54:55.392] [INFO] default - Search - Step 01: Enter to Search textbox with empty data.
[2022-08-22T23:54:55.395] [INFO] default - Search - Step 02: Click to 'Search' button.
[2022-08-22T23:54:56.411] [INFO] default - Search - Step 03: Navigate to Home page
[2022-08-22T23:54:57.429] [INFO] default - Search-02 Search with data is not existing
[2022-08-22T23:54:57.429] [INFO] default - Search - Step 01: Enter to Search textbox with value is 'aaaaaaaaaaaaaa'
[2022-08-22T23:54:57.430] [INFO] default - Search - Step 02: Click to 'Search' button.
[2022-08-22T23:54:58.432] [INFO] default - Search - Step 03: Verify 'aaaaaaaaaaaaaa' is not displayed.
[2022-08-22T23:55:29.466] [INFO] default - Search-03 Search with ralative data
[2022-08-22T23:55:29.469] [INFO] default - Search - Step 01: Enter to Search textbox with value is 'túi xách'
[2022-08-22T23:55:29.470] [INFO] default - Search - Step 02: Click to 'Search' button.
[2022-08-22T23:55:30.474] [INFO] default - Search - Step 03: Verify result message is displayed.
[2022-08-22T23:55:31.525] [INFO] default - Search-04 Search with absolutely item
[2022-08-22T23:55:31.527] [INFO] default - Search - Step 01: Enter to Search textbox with value is 'Túi Xách Targus TBT268AP-72 M Black'
[2022-08-22T23:55:31.528] [INFO] default - Search - Step 02: Click to 'Search' button.
[2022-08-22T23:55:32.538] [INFO] default - Search - Step 03: Verify result message is displayed.
[2022-08-22T23:55:32.576] [INFO] default - Search - Step 04: Verify 1 item is displayed.
[2022-08-22T23:55:32.598] [INFO] default - Close the browser.
[2022-08-23T00:00:10.866] [INFO] default - Pre-Condition: Open homepage
[2022-08-23T00:00:14.725] [INFO] default - Search-01 Search with empty data
[2022-08-23T00:00:14.727] [INFO] default - Search - Step 01: Enter to Search textbox with empty data.
[2022-08-23T00:00:14.731] [INFO] default - Search - Step 02: Click to 'Search' button.
[2022-08-23T00:00:15.746] [INFO] default - Search - Step 03: Navigate to Home page
[2022-08-23T00:00:16.754] [INFO] default - Search-02 Search with data is not existing
[2022-08-23T00:00:16.756] [INFO] default - Search - Step 01: Enter to Search textbox with value is 'aaaaaaaaaaaaaa'
[2022-08-23T00:00:16.758] [INFO] default - Search - Step 02: Click to 'Search' button.
[2022-08-23T00:00:17.771] [INFO] default - Search - Step 03: Verify 'aaaaaaaaaaaaaa' is not displayed.
[2022-08-23T00:00:48.819] [INFO] default - Search-03 Search with ralative data
[2022-08-23T00:00:48.821] [INFO] default - Search - Step 01: Enter to Search textbox with value is 'túi xách'
[2022-08-23T00:00:48.822] [INFO] default - Search - Step 02: Click to 'Search' button.
[2022-08-23T00:00:49.834] [INFO] default - Search - Step 03: Verify result message is displayed.
[2022-08-23T00:00:50.881] [INFO] default - Search-04 Search with absolutely item
[2022-08-23T00:00:50.882] [INFO] default - Search - Step 01: Enter to Search textbox with value is 'Túi Xách Targus TBT268AP-72 M Black'
[2022-08-23T00:00:50.884] [INFO] default - Search - Step 02: Click to 'Search' button.
[2022-08-23T00:00:51.890] [INFO] default - Search - Step 03: Verify result message is displayed.
[2022-08-23T00:00:51.923] [INFO] default - Search - Step 04: Verify 1 item is displayed.
[2022-08-23T00:00:51.944] [INFO] default - Close the browser.
[2022-08-23T00:04:11.952] [INFO] default - Pre-Condition: Open homepage
[2022-08-23T00:04:15.754] [INFO] default - Search-01 Search with empty data
[2022-08-23T00:04:15.755] [INFO] default - Search - Step 01: Enter to Search textbox with empty data.
[2022-08-23T00:04:15.756] [INFO] default - Search - Step 02: Click to 'Search' button.
[2022-08-23T00:04:16.772] [INFO] default - Search - Step 03: Navigate to Home page
[2022-08-23T00:04:17.791] [INFO] default - Search-02 Search with data is not existing
[2022-08-23T00:04:17.793] [INFO] default - Search - Step 01: Enter to Search textbox with value is 'aaaaaaaaaaaaaa'
[2022-08-23T00:04:17.795] [INFO] default - Search - Step 02: Click to 'Search' button.
[2022-08-23T00:04:18.805] [INFO] default - Search - Step 03: Verify 'aaaaaaaaaaaaaa' is not displayed.
[2022-08-23T00:04:49.836] [INFO] default - Search-03 Search with ralative data
[2022-08-23T00:04:49.838] [INFO] default - Search - Step 01: Enter to Search textbox with value is 'túi xách'
[2022-08-23T00:04:49.839] [INFO] default - Search - Step 02: Click to 'Search' button.
[2022-08-23T00:04:50.844] [INFO] default - Search - Step 03: Verify result message is displayed.
[2022-08-23T00:04:51.898] [INFO] default - Search-04 Search with absolutely item
[2022-08-23T00:04:51.899] [INFO] default - Search - Step 01: Enter to Search textbox with value is 'Túi Xách Targus TBT268AP-72 M Black'
[2022-08-23T00:04:51.899] [INFO] default - Search - Step 02: Click to 'Search' button.
[2022-08-23T00:04:52.915] [INFO] default - Search - Step 03: Verify result message is displayed.
[2022-08-23T00:04:52.945] [INFO] default - Search - Step 04: Verify 1 item is displayed.
[2022-08-23T00:04:52.978] [INFO] default - Close the browser.
[2022-08-23T02:10:47.921] [INFO] default - Pre-Condition - 01: Open homepage
[2022-08-23T02:10:47.926] [INFO] default - Pre-Condition - 01: Open homepage
[2022-08-23T02:10:47.932] [INFO] default - Pre-Condition - 01: Open homepage
[2022-08-23T02:10:50.171] [INFO] default - Pre-Condition - 02: Login with admin account successfully
[2022-08-23T02:10:50.174] [INFO] default - Pre-Condition - 02: Login with admin account successfully
[2022-08-23T02:10:50.273] [INFO] default - Pre-Condition - 02: Login with admin account successfully
[2022-08-23T02:10:56.205] [INFO] default - Navigate to Product page
[2022-08-23T02:10:56.208] [INFO] default - Navigate to Category page
[2022-08-23T02:10:56.304] [INFO] default - Navigate to Brand page
[2022-08-23T02:10:57.219] [INFO] default - TC01 Insert new category successfully
[2022-08-23T02:10:57.216] [INFO] default - TC01 Insert new product successfully
[2022-08-23T02:10:57.220] [INFO] default - Category - Step 01: Click to 'Thêm loại sản phẩm mới' button
[2022-08-23T02:10:57.217] [INFO] default - Product - Step 01: Click to 'Thêm sản phẩm mới' button
[2022-08-23T02:10:57.332] [INFO] default - TC01 Insert new brand successfully
[2022-08-23T02:10:57.336] [INFO] default - Brand - Step 01: Click to 'Thêm thương hiệu mới' button
[2022-08-23T02:10:58.220] [INFO] default - Product - Step 02: Enter to Product name textbox with value is Balo'
[2022-08-23T02:10:58.223] [INFO] default - Category - Step 02: Enter to Category name textbox with value is Túi đeo chéo'
[2022-08-23T02:10:58.224] [INFO] default - Category - Step 03: Click to 'Save' button
[2022-08-23T02:10:58.338] [INFO] default - Brand - Step 02: Enter to Brand name textbox with value is Gucci'
[2022-08-23T02:10:58.339] [INFO] default - Brand - Step 03: Click to 'Save' button
[2022-08-23T02:10:59.224] [INFO] default - Product - Step 03: Enter to Product Description textbox with value is Balo'
[2022-08-23T02:10:59.227] [INFO] default - Category - Step 04: Verify successful insert message is displayed.
[2022-08-23T02:10:59.255] [INFO] default - Navigate to Category page
[2022-08-23T02:10:59.342] [INFO] default - Brand - Step 04: Verify successful insert message is displayed.
[2022-08-23T02:10:59.378] [INFO] default - Navigate to Brand page
[2022-08-23T02:11:00.232] [INFO] default - Product - Step 04: Enter to Product Price textbox with value is Balo'
[2022-08-23T02:11:00.266] [INFO] default - TC02 Update category successfully
[2022-08-23T02:11:00.267] [INFO] default - Category - Step 01: Click to 'Edit' icon
[2022-08-23T02:11:00.380] [INFO] default - TC02 Update brand successfully
[2022-08-23T02:11:00.380] [INFO] default - Brand - Step 01: Click to 'Edit' icon
[2022-08-23T02:11:01.236] [INFO] default - Product - Step 05: Enter to Product Quantity textbox with value is Balo'
[2022-08-23T02:11:01.272] [INFO] default - Navigate to Category page
[2022-08-23T02:11:01.382] [INFO] default - Brand - Step 02: Enter to Brand Name textbox with value is Channel'
[2022-08-23T02:11:01.384] [INFO] default - Brand - Step 03: Click to 'Update' button
[2022-08-23T02:11:02.247] [INFO] default - Product - Step 06: Enter to Category ID textbox with value is Balo'
[2022-08-23T02:11:02.281] [INFO] default - TC03 Delete Category successfully
[2022-08-23T02:11:02.296] [INFO] default - Category - Step 01: Click to 'Delete' icon in last page.
[2022-08-23T02:11:02.395] [INFO] default - Brand - Step 04: Verify the brand name is updated.
[2022-08-23T02:11:02.425] [INFO] default - Navigate to Brand page
[2022-08-23T02:11:03.254] [INFO] default - Product - Step 07: Enter to Product ID textbox with value is Balo'
[2022-08-23T02:11:03.262] [INFO] default - Navigate to Product page
[2022-08-23T02:11:03.304] [INFO] default - Category - Step 02: Click to 'Delete' button.
[2022-08-23T02:11:03.436] [INFO] default - TC03 Delete brand successfully
[2022-08-23T02:11:03.490] [INFO] default - Brand - Step 01: Click to 'Delete' icon in last page.
[2022-08-23T02:11:04.272] [INFO] default - TC02 Update Product successfully
[2022-08-23T02:11:04.274] [INFO] default - Product - Step 01: Click to 'Edit' icon
[2022-08-23T02:11:04.354] [INFO] default - Category - Step 03: Verify this Category is deleted.
[2022-08-23T02:11:04.501] [INFO] default - Brand - Step 02: Click to 'Delete' button.
[2022-08-23T02:11:05.289] [INFO] default - Product - Step 02: Enter to Product Name textbox with value is Balooo'
[2022-08-23T02:11:05.513] [INFO] default - Brand - Step 03: Verify this brand is deleted.
[2022-08-23T02:11:06.299] [INFO] default - Product - Step 03: Click to 'Update' button
[2022-08-23T02:11:07.311] [INFO] default - Product - Step 04: Verify the Product name is updated.
[2022-08-23T02:11:07.340] [INFO] default - Navigate to Product page
[2022-08-23T02:11:08.352] [INFO] default - TC03 Delete Product successfully
[2022-08-23T02:11:08.366] [INFO] default - Product - Step 01: Click to 'Delete' icon in last page.
[2022-08-23T02:11:09.377] [INFO] default - Product - Step 02: Click to 'Delete' button.
[2022-08-23T02:11:10.392] [INFO] default - Product - Step 03: Verify this Product is deleted.
[2022-08-23T02:14:42.926] [INFO] default - Pre-Condition - 01: Open homepage
[2022-08-23T02:14:42.928] [INFO] default - Pre-Condition - 01: Open homepage
[2022-08-23T02:14:42.981] [INFO] default - Pre-Condition - 01: Open homepage
[2022-08-23T02:14:45.136] [INFO] default - Pre-Condition - 02: Login with admin account successfully
[2022-08-23T02:14:45.182] [INFO] default - Pre-Condition - 02: Login with admin account successfully
[2022-08-23T02:14:45.262] [INFO] default - Pre-Condition - 02: Login with admin account successfully
[2022-08-23T02:14:51.180] [INFO] default - Navigate to Category page
[2022-08-23T02:14:51.231] [INFO] default - Navigate to Product page
[2022-08-23T02:14:51.331] [INFO] default - Navigate to Brand page
[2022-08-23T02:14:52.194] [INFO] default - TC01 Insert new category successfully
[2022-08-23T02:14:52.195] [INFO] default - Category - Step 01: Click to 'Thêm loại sản phẩm mới' button
[2022-08-23T02:14:52.243] [INFO] default - TC01 Insert new product successfully
[2022-08-23T02:14:52.244] [INFO] default - Product - Step 01: Click to 'Thêm sản phẩm mới' button
[2022-08-23T02:14:52.341] [INFO] default - TC01 Insert new brand successfully
[2022-08-23T02:14:52.344] [INFO] default - Brand - Step 01: Click to 'Thêm thương hiệu mới' button
[2022-08-23T02:14:53.198] [INFO] default - Category - Step 02: Enter to Category name textbox with value is Túi đeo chéo'
[2022-08-23T02:14:53.199] [INFO] default - Category - Step 03: Click to 'Save' button
[2022-08-23T02:14:53.261] [INFO] default - Product - Step 02: Enter to Product name textbox with value is Balo'
[2022-08-23T02:14:53.358] [INFO] default - Brand - Step 02: Enter to Brand name textbox with value is Gucci'
[2022-08-23T02:14:53.361] [INFO] default - Brand - Step 03: Click to 'Save' button
[2022-08-23T02:14:54.206] [INFO] default - Category - Step 04: Verify successful insert message is displayed.
[2022-08-23T02:14:54.267] [INFO] default - Navigate to Category page
[2022-08-23T02:14:54.269] [INFO] default - Product - Step 03: Enter to Product Description textbox with value is Balo'
[2022-08-23T02:14:54.380] [INFO] default - Brand - Step 04: Verify successful insert message is displayed.
[2022-08-23T02:14:54.445] [INFO] default - Navigate to Brand page
[2022-08-23T02:14:55.269] [INFO] default - TC02 Update category successfully
[2022-08-23T02:14:55.270] [INFO] default - Category - Step 01: Click to 'Edit' icon
[2022-08-23T02:14:55.287] [INFO] default - Product - Step 04: Enter to Product Price textbox with value is 100000'
[2022-08-23T02:14:55.458] [INFO] default - TC02 Update brand successfully
[2022-08-23T02:14:55.460] [INFO] default - Brand - Step 01: Click to 'Edit' icon
[2022-08-23T02:14:56.278] [INFO] default - Category - Step 02: Enter to Category Name textbox with value is Túi đeo chéoooo'
[2022-08-23T02:14:56.279] [INFO] default - Category - Step 03: Click to 'Update' button
[2022-08-23T02:14:56.314] [INFO] default - Product - Step 05: Enter to Product Quantity textbox with value is 2'
[2022-08-23T02:14:56.467] [INFO] default - Brand - Step 02: Enter to Brand Name textbox with value is Channel'
[2022-08-23T02:14:56.467] [INFO] default - Brand - Step 03: Click to 'Update' button
[2022-08-23T02:14:57.288] [INFO] default - Category - Step 04: Verify the Category name is updated.
[2022-08-23T02:14:57.319] [INFO] default - Product - Step 06: Enter to Category ID textbox with value is 2'
[2022-08-23T02:14:57.328] [INFO] default - Navigate to Category page
[2022-08-23T02:14:57.476] [INFO] default - Brand - Step 04: Verify the brand name is updated.
[2022-08-23T02:14:57.511] [INFO] default - Navigate to Brand page
[2022-08-23T02:14:58.332] [INFO] default - Product - Step 07: Enter to Product ID textbox with value is 3'
[2022-08-23T02:14:58.332] [INFO] default - TC03 Delete Category successfully
[2022-08-23T02:14:58.341] [INFO] default - Navigate to Product page
[2022-08-23T02:14:58.371] [INFO] default - Category - Step 01: Click to 'Delete' icon in last page.
[2022-08-23T02:14:58.520] [INFO] default - TC03 Delete brand successfully
[2022-08-23T02:14:58.538] [INFO] default - Brand - Step 01: Click to 'Delete' icon in last page.
[2022-08-23T02:14:59.345] [INFO] default - TC02 Update Product successfully
[2022-08-23T02:14:59.347] [INFO] default - Product - Step 01: Click to 'Edit' icon
[2022-08-23T02:14:59.375] [INFO] default - Category - Step 02: Click to 'Delete' button.
[2022-08-23T02:14:59.547] [INFO] default - Brand - Step 02: Click to 'Delete' button.
[2022-08-23T02:15:00.359] [INFO] default - Product - Step 02: Enter to Product Name textbox with value is Balooo'
[2022-08-23T02:15:00.446] [INFO] default - Category - Step 03: Verify this Category is deleted.
[2022-08-23T02:15:00.561] [INFO] default - Brand - Step 03: Verify this brand is deleted.
[2022-08-23T02:15:01.373] [INFO] default - Product - Step 03: Click to 'Update' button
[2022-08-23T02:15:02.388] [INFO] default - Product - Step 04: Verify the Product name is updated.
[2022-08-23T02:15:02.451] [INFO] default - Navigate to Product page
[2022-08-23T02:15:03.466] [INFO] default - TC03 Delete Product successfully
[2022-08-23T02:15:03.499] [INFO] default - Product - Step 01: Click to 'Delete' icon in last page.
[2022-08-23T02:15:04.504] [INFO] default - Product - Step 02: Click to 'Delete' button.
[2022-08-23T02:15:05.520] [INFO] default - Product - Step 03: Verify this Product is deleted.
[2022-08-23T02:18:42.170] [INFO] default - Pre-Condition - 01: Open homepage
[2022-08-23T02:18:42.178] [INFO] default - Pre-Condition - 01: Open homepage
[2022-08-23T02:18:42.220] [INFO] default - Pre-Condition - 01: Open homepage
[2022-08-23T02:18:42.340] [INFO] default - Pre-Condition: Open homepage
[2022-08-23T02:18:43.856] [INFO] default - Login: Navigate to Register page
[2022-08-23T02:18:44.315] [INFO] default - Pre-Condition - 02: Login successfully
[2022-08-23T02:18:44.442] [INFO] default - Pre-Condition - 02: Register successfully.
[2022-08-23T02:18:45.878] [INFO] default - TC01 Register with empty value
[2022-08-23T02:18:45.880] [INFO] default - Register - Step 01: Click to 'Register' button
[2022-08-23T02:18:46.888] [INFO] default - Register - Step 02: Verify username empty message.
[2022-08-23T02:18:46.922] [INFO] default - Register - Step 02: Verify password empty message.
[2022-08-23T02:18:46.947] [INFO] default - Register - Step 02: Verify confirm password empty message.
[2022-08-23T02:18:46.979] [INFO] default - Register - Step 02: Verify fullname empty message.
[2022-08-23T02:18:47.008] [INFO] default - Register - Step 02: Verify email empty message.
[2022-08-23T02:18:47.032] [INFO] default - Login: Navigate to Register page
[2022-08-23T02:18:47.477] [INFO] default - TC1 Login with empty username
[2022-08-23T02:18:47.478] [INFO] default - Login - Step 01: Navigate to Login page
[2022-08-23T02:18:47.734] [INFO] default - Search-01 Search with empty data
[2022-08-23T02:18:47.735] [INFO] default - Search - Step 01: Enter to Search textbox with empty data.
[2022-08-23T02:18:47.736] [INFO] default - Search - Step 02: Click to 'Search' button.
[2022-08-23T02:18:48.748] [INFO] default - Search - Step 03: Navigate to Home page
[2022-08-23T02:18:49.054] [INFO] default - TC02 Register with password have less than 6 characters
[2022-08-23T02:18:49.066] [INFO] default - Register - Step 01: Enter to Password textbox with value have less than 6 characters is '12345'
[2022-08-23T02:18:49.068] [INFO] default - Register - Step 02: Click to 'Register' button
[2022-08-23T02:18:49.402] [INFO] default - TC01 Order unsuccessfully if cart does not have item
[2022-08-23T02:18:49.405] [INFO] default - Order - Step 01: Navigate to Cart page
[2022-08-23T02:18:49.481] [INFO] default - Login - Step 02: Click to 'Submit' button
[2022-08-23T02:18:49.771] [INFO] default - Search-02 Search with data is not existing
[2022-08-23T02:18:49.773] [INFO] default - Search - Step 01: Enter to Search textbox with value is 'aaaaaaaaaaaaaa'
[2022-08-23T02:18:49.774] [INFO] default - Search - Step 02: Click to 'Search' button.
[2022-08-23T02:18:50.134] [INFO] default - Register - Step 03: Verify password error message
[2022-08-23T02:18:50.323] [INFO] default - Login: Navigate to Register page
[2022-08-23T02:18:50.420] [INFO] default - Order - Step 02: Click to 'Order' button
[2022-08-23T02:18:50.515] [INFO] default - Login - Step 03: Verify error message in alert.
[2022-08-23T02:18:50.546] [INFO] default - Login - Step 04: Click to 'OK' button in alert
[2022-08-23T02:18:50.588] [INFO] default - TC02 Login with empty username
[2022-08-23T02:18:50.589] [INFO] default - Login - Step 01: Navigate to Login page
[2022-08-23T02:18:50.788] [INFO] default - Search - Step 03: Verify 'aaaaaaaaaaaaaa' is not displayed.
[2022-08-23T02:18:51.440] [INFO] default - Order - Step 03: Verify error message in alert
[2022-08-23T02:18:51.444] [INFO] default - Order - Step 04: Click to 'OK' button in alert.
[2022-08-23T02:18:51.448] [INFO] default - TC02 Choose any 1 item add to cart
[2022-08-23T02:18:51.448] [INFO] default - Order - Step 01: Navigate Home page
[2022-08-23T02:18:52.335] [INFO] default - TC03 Register with confirm password different password
[2022-08-23T02:18:52.336] [INFO] default - Register - Step 01: Enter to Password textbox with valid value is '123456'
[2022-08-23T02:18:52.336] [INFO] default - Register - Step 02: Enter to Confirm Password textbox with invalid value is '1'
[2022-08-23T02:18:52.337] [INFO] default - Register - Step 03: Click to 'Register' button
[2022-08-23T02:18:52.461] [INFO] default - Order - Step 02: Enter to Search textbox with value is'Balo Targus TSB855-70 S Black'
[2022-08-23T02:18:52.603] [INFO] default - Login - Step 02: Enter to Username textbox with value is 'abcd'
[2022-08-23T02:18:53.350] [INFO] default - Register - Step 04: Verify confirm passwor error message
[2022-08-23T02:18:53.381] [INFO] default - Login: Navigate to Register page
[2022-08-23T02:18:53.476] [INFO] default - Order - Step 03: Click to 'Search' button
[2022-08-23T02:18:53.620] [INFO] default - Login - Step 03: Enter to Username textbox with value is empty data
[2022-08-23T02:18:54.623] [INFO] default - Login - Step 04: Click to 'Submit' button
[2022-08-23T02:18:55.392] [INFO] default - TC04 Register with invalid email
[2022-08-23T02:18:55.392] [INFO] default - Register - Step 01: Enter to Email textbox with invalid email is '123@123'
[2022-08-23T02:18:55.393] [INFO] default - Register - Step 02: Click to 'Register' button
[2022-08-23T02:18:55.485] [INFO] default - Order - Step 04: Click to Balo TSB855 link
[2022-08-23T02:18:55.626] [INFO] default - Login - Step 05: Verify error message in alert.
[2022-08-23T02:18:55.628] [INFO] default - Login - Step 06: Click to 'OK' button in alert
[2022-08-23T02:18:55.633] [INFO] default - TC3 Login with invalid username and password
[2022-08-23T02:18:55.634] [INFO] default - Login - Step 01: Navigate to Login page
[2022-08-23T02:18:56.397] [INFO] default - Register - Step 03: Verify email error message
[2022-08-23T02:18:56.453] [INFO] default - Login: Navigate to Register page
[2022-08-23T02:18:56.491] [INFO] default - Order - Step 06: Click to 'Thêm vào giỏ hàng' button.
[2022-08-23T02:18:58.454] [INFO] default - TC05 Register successfully
[2022-08-23T02:18:58.455] [INFO] default - Register - Step 01: Enter to Username with valid value is: 'thuuuu272'
[2022-08-23T02:18:58.456] [INFO] default - Register - Step 02: Enter to Password with valid value is: '123456'
[2022-08-23T02:18:58.456] [INFO] default - Register - Step 03: Enter to Confirm Password with valid value is: '123456'
[2022-08-23T02:18:58.457] [INFO] default - Register - Step 04: Enter to Fullname with valid value is: 'Trần Thư'
[2022-08-23T02:18:58.457] [INFO] default - Register - Step 05: Enter to Email with valid value is: 'thuu@gmail.com'
[2022-08-23T02:18:58.458] [INFO] default - Register - Step 06: Enter to Birthday with valid value is: '1/2/2002'
[2022-08-23T02:18:58.458] [INFO] default - Register - Step 07: Click to 'Regiister' button
[2022-08-23T02:18:58.642] [INFO] default - Login - Step 02: Enter to Username textbox with invalid value is 'abcd'
[2022-08-23T02:18:59.459] [INFO] default - Register - Step 08: Verify successful register message is displayed.
[2022-08-23T02:18:59.647] [INFO] default - Login - Step 03: Enter to Password textbox with invalid value is '123'
[2022-08-23T02:19:00.655] [INFO] default - Login - Step 04: Click to 'Submit' button
[2022-08-23T02:19:01.688] [INFO] default - TC04 Login successfully
[2022-08-23T02:19:01.688] [INFO] default - Login - Step 01: Navigate to Login page
[2022-08-23T02:19:03.689] [INFO] default - Login - Step 02: Enter to Username textbox with valid value is 'thuuuu866'
[2022-08-23T02:19:04.701] [INFO] default - Login - Step 03: Enter to Password textbox with invalid value is '123456'
[2022-08-23T02:19:05.713] [INFO] default - Login - Step 04: Click to 'Submit' button
[2022-08-23T02:19:06.725] [INFO] default - Login - Step 05: Verify account's fullname is correct.
[2022-08-23T02:19:21.852] [INFO] default - Search-03 Search with ralative data
[2022-08-23T02:19:21.854] [INFO] default - Search - Step 01: Enter to Search textbox with value is 'túi xách'
[2022-08-23T02:19:21.857] [INFO] default - Search - Step 02: Click to 'Search' button.
[2022-08-23T02:19:22.865] [INFO] default - Search - Step 03: Verify result message is displayed.
[2022-08-23T02:19:23.913] [INFO] default - Search-04 Search with absolutely item
[2022-08-23T02:19:23.914] [INFO] default - Search - Step 01: Enter to Search textbox with value is 'Túi Xách Targus TBT268AP-72 M Black'
[2022-08-23T02:19:23.914] [INFO] default - Search - Step 02: Click to 'Search' button.
[2022-08-23T02:19:24.926] [INFO] default - Search - Step 03: Verify result message is displayed.
[2022-08-23T02:19:25.004] [INFO] default - Search - Step 04: Verify 1 item is displayed.
[2022-08-23T02:19:25.091] [INFO] default - Close the browser.
[2022-08-23T02:20:25.600] [INFO] default - TC03 Increase quantity in cart
[2022-08-23T02:20:25.601] [INFO] default - Order - Step 01: Click to '+' icon
[2022-08-23T02:20:26.603] [INFO] default - Order - Step 02: Click to '+' icon
[2022-08-23T02:20:27.611] [INFO] default - Order - Step 03: Click to '+' icon
[2022-08-23T02:20:28.624] [INFO] default - Order - Step 04: Verify total amount in cart
[2022-08-23T02:22:09.435] [INFO] default - Pre-Condition - 01: Open homepage
[2022-08-23T02:22:10.928] [INFO] default - Pre-Condition - 02: Login successfully.
[2022-08-23T02:22:15.982] [INFO] default - Navigate to Profile page
[2022-08-23T02:22:20.008] [INFO] default - TC01 Verify user's info when login successful
[2022-08-23T02:22:20.011] [INFO] default - Profile - Step 01: Verify Username value is displayed.
[2022-08-23T02:22:20.079] [INFO] default - TC04 Descrease quantity in cart
[2022-08-23T02:22:20.080] [INFO] default - Order - Step 01: Click to '-' icon
[2022-08-23T02:22:21.092] [INFO] default - Order - Step 02: Click to '-' icon
[2022-08-23T02:22:22.095] [INFO] default - Order - Step 02: Verify total amount in cart
[2022-08-23T02:22:22.103] [INFO] default - TC05 Add other items to cart
[2022-08-23T02:22:22.105] [INFO] default - Order - Step 01: Click to 'Mua thêm sản phẩm khác' link
[2022-08-23T02:22:23.116] [INFO] default - Order - Step 02: Enter to Search textbox with value is'Túi Xách Simplecarry Gymbag S Black'
[2022-08-23T02:22:24.120] [INFO] default - Order - Step 03: Click to 'Search' button
[2022-08-23T02:22:26.124] [INFO] default - Order - Step 04: Click to item link
[2022-08-23T02:22:27.135] [INFO] default - Order - Step 05: Click to 'Thêm vào giỏ hàng' button
[2022-08-23T02:22:29.157] [INFO] default - TC07 Order unsuccessfully with empty address and phone number
[2022-08-23T02:22:29.157] [INFO] default - Order - Step 01: Click to 'Tiến hành đặt hàng' button
[2022-08-23T02:22:30.124] [INFO] default - Navigate to Profile page
[2022-08-23T02:22:30.165] [INFO] default - Order - Step 02: Verify oder popup is displayed
[2022-08-23T02:22:30.189] [INFO] default - TC08 Order successfully with valid data
[2022-08-23T02:22:30.192] [INFO] default - Order - Step 01: Click to 'Tiến hành đặt hàng' button
[2022-08-23T02:22:31.193] [INFO] default - Order - Step 02: Verify oder popup is displayed
[2022-08-23T02:22:37.329] [INFO] default - Pre-Condition - 01: Open homepage
[2022-08-23T02:22:38.117] [INFO] default - Pre-Condition - 02: Login successfully.
[2022-08-23T02:22:43.169] [INFO] default - Navigate to Profile page
[2022-08-23T02:22:47.191] [INFO] default - TC01 Verify user's info when login successful
[2022-08-23T02:22:47.194] [INFO] default - Profile - Step 01: Verify Username value is displayed.
[2022-08-23T02:22:47.253] [INFO] default - Profile - Step 02: Verify Email value is displayed.
[2022-08-23T02:22:47.306] [INFO] default - Profile - Step 03: Verify Fullname value is displayed.
[2022-08-23T02:22:47.338] [INFO] default - Profile - Step 04: Verify Birthday value is displayed.
[2022-08-23T02:22:47.371] [INFO] default - Navigate to Profile page
[2022-08-23T02:22:51.385] [INFO] default - TC02 Change password have less than 6 characters
[2022-08-23T02:22:51.385] [INFO] default - Profile - Step 01: Click to Change Pasword check box
[2022-08-23T02:22:52.399] [INFO] default - Profile - Step 02: Verify Change Password checkbox is selected
[2022-08-23T02:22:52.452] [INFO] default - Profile - Step 03: Enter to New Password textbox with value has less than 6 characters is '12345'
[2022-08-23T02:22:52.453] [INFO] default - Profile - Step 04: Enter to New Confirm Password textbox with value has less than 6 characters is '12345'
[2022-08-23T02:22:53.465] [INFO] default - Profile - Step 05: Verify 'Update' button is disabled.
[2022-08-23T02:22:53.504] [INFO] default - Navigate to Profile page
[2022-08-23T02:22:57.531] [INFO] default - TC03 Change password have confirm password differrent with password
[2022-08-23T02:22:57.532] [INFO] default - Profile - Step 01: Click to Change Pasword check box
[2022-08-23T02:22:58.542] [INFO] default - Profile - Step 02: Verify Email value is displayed.
[2022-08-23T02:22:58.578] [INFO] default - Profile - Step 03: Enter to New Password textbox with valid value is '123456'
[2022-08-23T02:22:58.579] [INFO] default - Profile - Step 04: Enter to New Confirm Password textbox with value different password is '12345'
[2022-08-23T02:22:59.591] [INFO] default - Profile - Step 05: Verify 'Update' button is disabled.
[2022-08-23T02:22:59.609] [INFO] default - Navigate to Profile page
[2022-08-23T02:23:03.635] [INFO] default - TC04 Change password successfully
[2022-08-23T02:23:03.637] [INFO] default - Profile - Step 01: Click to Change Pasword check box
[2022-08-23T02:23:04.651] [INFO] default - Profile - Step 02: Verify Email value is displayed.
[2022-08-23T02:23:04.675] [INFO] default - Profile - Step 03: Enter to New Password textbox with valid value is '123456'
[2022-08-23T02:23:04.676] [INFO] default - Profile - Step 04: Enter to New Confirm Password textbox with valid value'123456'
[2022-08-23T02:23:04.676] [INFO] default - Profile - Step 05: Verify 'Update' button is enabled.
[2022-08-23T02:23:04.849] [INFO] default - Profile - Step 06: Click to 'Update' button.
[2022-08-23T02:23:04.849] [INFO] default - Profile - Step 07: Hover to My Account link
[2022-08-23T02:23:08.869] [INFO] default - Profile - Step 08: Click to 'Logout'
[2022-08-23T02:23:10.876] [INFO] default - Profile - Step 09: Click to 'Login' link
[2022-08-23T02:23:12.883] [INFO] default - Profile - Step 10: Enter to Username textbox with valid value is 'thutran'
[2022-08-23T02:23:13.884] [INFO] default - Profile - Step 11: Enter to Username textbox with valid value is '123456'
[2022-08-23T02:23:14.899] [INFO] default - Profile - Step 12: Click to 'Submit' button
[2022-08-23T02:23:15.916] [INFO] default - Profile - Step 13: Verify account's fullname is correct.
